app/build/outputs/logs/manifest-merger-debug-report.txt
-- Merging decision tree log ---
manifest
ADDED from src\main\AndroidManifest.xml:2:1-104:12
	xmlns:android
		ADDED from src\main\AndroidManifest.xml:2:11-69
	package
		ADDED from src\main\AndroidManifest.xml:3:5-32
		INJECTED from src\main\AndroidManifest.xml
		INJECTED from src\main\AndroidManifest.xml
	android:versionName
		ADDED from src\main\AndroidManifest.xml:5:5-30
		INJECTED from src\main\AndroidManifest.xml
		INJECTED from src\main\AndroidManifest.xml
	android:versionCode
		ADDED from src\main\AndroidManifest.xml:4:5-28
		INJECTED from src\main\AndroidManifest.xml
		INJECTED from src\main\AndroidManifest.xml
uses-sdk
ADDED from src\main\AndroidManifest.xml:7:5-9:41
	android:targetSdkVersion
		ADDED from src\main\AndroidManifest.xml:9:9-38
		INJECTED from src\main\AndroidManifest.xml
		INJECTED from src\main\AndroidManifest.xml
	android:minSdkVersion
		ADDED from src\main\AndroidManifest.xml:8:9-35
		INJECTED from src\main\AndroidManifest.xml
		INJECTED from src\main\AndroidManifest.xml
uses-permission#android.permission.ACCESS_NETWORK_STATE
ADDED from src\main\AndroidManifest.xml:11:5-78
	android:name
		ADDED from src\main\AndroidManifest.xml:11:22-76
uses-permission#android.permission.INTERNET
ADDED from src\main\AndroidManifest.xml:12:5-66
	android:name
		ADDED from src\main\AndroidManifest.xml:12:22-64
uses-permission#com.android.launcher.permission.READ_SETTINGS
ADDED from src\main\AndroidManifest.xml:13:5-85
	android:name
		ADDED from src\main\AndroidManifest.xml:13:22-82
uses-permission#android.permission.WAKE_LOCK
ADDED from src\main\AndroidManifest.xml:14:5-67
	android:name
		ADDED from src\main\AndroidManifest.xml:14:22-65
uses-permission#android.permission.GET_TASKS
ADDED from src\main\AndroidManifest.xml:16:5-68
	android:name
		ADDED from src\main\AndroidManifest.xml:16:22-65
uses-permission#android.permission.WRITE_SETTINGS
ADDED from src\main\AndroidManifest.xml:17:5-73
	android:name
		ADDED from src\main\AndroidManifest.xml:17:22-70
uses-permission#android.permission.ACCESS_COARSE_LOCATION
ADDED from src\main\AndroidManifest.xml:19:5-80
	android:name
		ADDED from src\main\AndroidManifest.xml:19:22-78
uses-permission#android.permission.ACCESS_FINE_LOCATION
ADDED from src\main\AndroidManifest.xml:21:5-78
	android:name
		ADDED from src\main\AndroidManifest.xml:21:22-76
uses-permission#android.permission.ACCESS_WIFI_STATE
ADDED from src\main\AndroidManifest.xml:23:5-75
	android:name
		ADDED from src\main\AndroidManifest.xml:23:22-73
uses-permission#android.permission.CHANGE_WIFI_STATE
ADDED from src\main\AndroidManifest.xml:27:5-75
	android:name
		ADDED from src\main\AndroidManifest.xml:27:22-73
uses-permission#android.permission.READ_PHONE_STATE
ADDED from src\main\AndroidManifest.xml:29:5-74
	android:name
		ADDED from src\main\AndroidManifest.xml:29:22-72
uses-permission#android.permission.WRITE_EXTERNAL_STORAGE
ADDED from src\main\AndroidManifest.xml:31:5-80
	android:name
		ADDED from src\main\AndroidManifest.xml:31:22-78
uses-permission#android.permission.MOUNT_UNMOUNT_FILESYSTEMS
ADDED from src\main\AndroidManifest.xml:35:5-83
	android:name
		ADDED from src\main\AndroidManifest.xml:35:22-81
uses-permission#android.permission.READ_LOGS
ADDED from src\main\AndroidManifest.xml:37:5-67
	android:name
		ADDED from src\main\AndroidManifest.xml:37:22-65
uses-permission#android.permission.RECEIVE_BOOT_COMPLETED
ADDED from src\main\AndroidManifest.xml:38:5-81
	android:name
		ADDED from src\main\AndroidManifest.xml:38:22-78
uses-permission#android.permission.VIBRATE
ADDED from src\main\AndroidManifest.xml:39:5-66
	android:name
		ADDED from src\main\AndroidManifest.xml:39:22-63
uses-permission#android.permission.ACCESS_DOWNLOAD_MANAGER
ADDED from src\main\AndroidManifest.xml:41:5-82
	android:name
		ADDED from src\main\AndroidManifest.xml:41:22-79
uses-permission#android.permission.DOWNLOAD_WITHOUT_NOTIFICATION
ADDED from src\main\AndroidManifest.xml:42:5-88
	android:name
		ADDED from src\main\AndroidManifest.xml:42:22-85
uses-permission#android.permission.DISABLE_KEYGUARD
ADDED from src\main\AndroidManifest.xml:43:5-75
	android:name
		ADDED from src\main\AndroidManifest.xml:43:22-72
application
ADDED from src\main\AndroidManifest.xml:45:5-102:19
	android:screenOrientation
		ADDED from src\main\AndroidManifest.xml:49:9-45
	android:label
		ADDED from src\main\AndroidManifest.xml:48:9-41
	android:allowBackup
		ADDED from src\main\AndroidManifest.xml:46:9-35
	android:icon
		ADDED from src\main\AndroidManifest.xml:47:9-44
	android:theme
		ADDED from src\main\AndroidManifest.xml:50:9-67
meta-data#com.baidu.lbsapi.API_KEY
ADDED from src\main\AndroidManifest.xml:51:9-53:56
	android:name
		ADDED from src\main\AndroidManifest.xml:52:13-52
	android:value
		ADDED from src\main\AndroidManifest.xml:53:13-53
activity#cn.apputest.ctria.myapplication.Login
ADDED from src\main\AndroidManifest.xml:55:9-63:20
	android:label
		ADDED from src\main\AndroidManifest.xml:57:13-45
	android:name
		ADDED from src\main\AndroidManifest.xml:56:13-65
intent-filter#android.intent.action.MAIN+android.intent.category.LAUNCHER
ADDED from src\main\AndroidManifest.xml:58:13-62:29
action#android.intent.action.MAIN
ADDED from src\main\AndroidManifest.xml:59:17-69
	android:name
		ADDED from src\main\AndroidManifest.xml:59:25-66
category#android.intent.category.LAUNCHER
ADDED from src\main\AndroidManifest.xml:61:17-77
	android:name
		ADDED from src\main\AndroidManifest.xml:61:27-74
activity#cn.apputest.ctria.myapplication.MainActivity
ADDED from src\main\AndroidManifest.xml:64:9-80
	android:name
		ADDED from src\main\AndroidManifest.xml:64:19-78
activity#cn.apputest.ctria.section1.Section1Activity
ADDED from src\main\AndroidManifest.xml:65:9-79
	android:name
		ADDED from src\main\AndroidManifest.xml:65:19-77
activity#cn.apputest.ctria.section2.Section2Activity
ADDED from src\main\AndroidManifest.xml:66:9-79
	android:name
		ADDED from src\main\AndroidManifest.xml:66:19-77
activity#cn.apputest.ctria.section3.Section3Activity
ADDED from src\main\AndroidManifest.xml:67:9-79
	android:name
		ADDED from src\main\AndroidManifest.xml:67:19-77
activity#cn.apputest.ctria.section4.Section4Activity
ADDED from src\main\AndroidManifest.xml:68:9-79
	android:name
		ADDED from src\main\AndroidManifest.xml:68:19-77
activity#cn.apputest.ctria.section2.Lucha1Activity
ADDED from src\main\AndroidManifest.xml:70:9-77
	android:name
		ADDED from src\main\AndroidManifest.xml:70:19-75
activity#cn.apputest.ctria.section2.Lucha2Activity
ADDED from src\main\AndroidManifest.xml:71:9-77
	android:name
		ADDED from src\main\AndroidManifest.xml:71:19-75
service#cn.apputest.ctria.service.UploadFailRecordService
ADDED from src\main\AndroidManifest.xml:74:9-80:19
	android:exported
		ADDED from src\main\AndroidManifest.xml:76:13-37
	android:name
		ADDED from src\main\AndroidManifest.xml:75:13-77
intent-filter#cn.apputest.ctria.UploadFailRecordService.action
ADDED from src\main\AndroidManifest.xml:77:13-79:29
action#cn.apputest.ctria.UploadFailRecordService.action
ADDED from src\main\AndroidManifest.xml:78:17-91
	android:name
		ADDED from src\main\AndroidManifest.xml:78:25-88
service#com.baidu.location.f
ADDED from src\main\AndroidManifest.xml:81:9-84:49
	android:process
		ADDED from src\main\AndroidManifest.xml:84:13-38
	android:enabled
		ADDED from src\main\AndroidManifest.xml:83:13-35
	android:name
		ADDED from src\main\AndroidManifest.xml:82:13-48
receiver#cn.apputest.ctria.service.BootBroadcastReceiver
ADDED from src\main\AndroidManifest.xml:86:9-93:20
	android:exported
		ADDED from src\main\AndroidManifest.xml:88:13-37
	android:name
		ADDED from src\main\AndroidManifest.xml:87:13-75
intent-filter#android.intent.action.BOOT_COMPLETED+android.intent.action.USER_PRESENT
ADDED from src\main\AndroidManifest.xml:89:13-92:29
	android:priority
		ADDED from src\main\AndroidManifest.xml:89:28-51
action#android.intent.action.BOOT_COMPLETED
ADDED from src\main\AndroidManifest.xml:90:17-79
	android:name
		ADDED from src\main\AndroidManifest.xml:90:25-76
action#android.intent.action.USER_PRESENT
ADDED from src\main\AndroidManifest.xml:91:17-77
	android:name
		ADDED from src\main\AndroidManifest.xml:91:25-74
service#cn.apputest.ctria.service.UpdateDataService
ADDED from src\main\AndroidManifest.xml:95:9-101:19
	android:exported
		ADDED from src\main\AndroidManifest.xml:97:13-37
	android:name
		ADDED from src\main\AndroidManifest.xml:96:13-71
intent-filter#cn.apputest.ctria.UpdateDataService.action
ADDED from src\main\AndroidManifest.xml:98:13-100:29
action#cn.apputest.ctria.UpdateDataService.action
ADDED from src\main\AndroidManifest.xml:99:17-85
	android:name
		ADDED from src\main\AndroidManifest.xml:99:25-82